<?xml version="1.0" encoding="UTF-8"?>
<testng-results ignored="0" total="1" passed="1" failed="0" skipped="0">
  <reporter-output>
  </reporter-output>
  <suite started-at="2024-02-23T16:00:43 IST" name="Default suite" finished-at="2024-02-23T16:00:45 IST" duration-ms="1821">
    <groups>
      <group name="Reggression">
        <method signature="Test.TC001()[pri:0, instance:test.Test@4218500f]" name="TC001" class="test.Test"/>
      </group> <!-- Reggression -->
      <group name="Smoke">
        <method signature="Test.TC001()[pri:0, instance:test.Test@4218500f]" name="TC001" class="test.Test"/>
      </group> <!-- Smoke -->
    </groups>
    <test started-at="2024-02-23T16:00:43 IST" name="Default test" finished-at="2024-02-23T16:00:45 IST" duration-ms="1821">
      <class name="test.Test">
        <test-method is-config="true" signature="Before_Class()[pri:0, instance:test.Test@4218500f]" started-at="2024-02-23T16:00:43 IST" name="Before_Class" finished-at="2024-02-23T16:00:43 IST" duration-ms="16" status="PASS">
          <reporter-output>
          </reporter-output>
        </test-method> <!-- Before_Class -->
        <test-method signature="TC001()[pri:0, instance:test.Test@4218500f]" started-at="2024-02-23T16:00:43 IST" name="TC001" finished-at="2024-02-23T16:00:45 IST" duration-ms="1774" status="PASS">
          <reporter-output>
          </reporter-output>
        </test-method> <!-- TC001 -->
      </class> <!-- test.Test -->
    </test> <!-- Default test -->
  </suite> <!-- Default suite -->
</testng-results>
